-e 
===== 2025-11-09 20:20:40 =====

> smartmind-frontend@0.1.0 dev
> vite --host


  VITE v5.4.21  ready in 234 ms

  ➜  Local:   http://localhost:5173/
  ➜  Network: http://192.168.0.10:5173/
DEPRECATION WARNING [legacy-js-api]: The legacy JS API is deprecated and will be removed in Dart Sass 2.0.0.

More info: https://sass-lang.com/d/legacy-js-api

-e 
===== 2025-11-09 20:24:19 =====

> smartmind-frontend@0.1.0 dev
> vite --host


  VITE v5.4.21  ready in 195 ms

  ➜  Local:   http://localhost:5173/
  ➜  Network: http://192.168.0.10:5173/
DEPRECATION WARNING [legacy-js-api]: The legacy JS API is deprecated and will be removed in Dart Sass 2.0.0.

More info: https://sass-lang.com/d/legacy-js-api

-e 
===== 2025-11-09 20:40:34 =====

> smartmind-frontend@0.1.0 dev
> vite --host


  VITE v5.4.21  ready in 169 ms

  ➜  Local:   http://localhost:5173/
  ➜  Network: http://192.168.0.10:5173/
DEPRECATION WARNING [legacy-js-api]: The legacy JS API is deprecated and will be removed in Dart Sass 2.0.0.

More info: https://sass-lang.com/d/legacy-js-api

-e 
===== 2025-11-09 20:43:18 =====

> smartmind-frontend@0.1.0 dev
> vite --host


  VITE v5.4.21  ready in 197 ms

  ➜  Local:   http://localhost:5173/
  ➜  Network: http://192.168.0.10:5173/
DEPRECATION WARNING [legacy-js-api]: The legacy JS API is deprecated and will be removed in Dart Sass 2.0.0.

More info: https://sass-lang.com/d/legacy-js-api

8:43:38 PM [vite] http proxy error: /ask
AggregateError [ECONNREFUSED]: 
    at internalConnectMultiple (node:net:1134:18)
    at afterConnectMultiple (node:net:1715:7)
-e 
===== 2025-11-09 20:44:40 =====

> smartmind-frontend@0.1.0 dev
> vite --host


  VITE v5.4.21  ready in 145 ms

  ➜  Local:   http://localhost:5173/
  ➜  Network: http://192.168.0.10:5173/
DEPRECATION WARNING [legacy-js-api]: The legacy JS API is deprecated and will be removed in Dart Sass 2.0.0.

More info: https://sass-lang.com/d/legacy-js-api

-e 
===== 2025-11-09 20:47:08 =====

> smartmind-frontend@0.1.0 dev
> vite --host


  VITE v5.4.21  ready in 149 ms

  ➜  Local:   http://localhost:5173/
  ➜  Network: http://192.168.0.10:5173/
DEPRECATION WARNING [legacy-js-api]: The legacy JS API is deprecated and will be removed in Dart Sass 2.0.0.

More info: https://sass-lang.com/d/legacy-js-api

-e 
===== 2025-11-09 20:48:01 =====

> smartmind-frontend@0.1.0 dev
> vite --host


  VITE v5.4.21  ready in 154 ms

  ➜  Local:   http://localhost:5173/
  ➜  Network: http://192.168.0.10:5173/
DEPRECATION WARNING [legacy-js-api]: The legacy JS API is deprecated and will be removed in Dart Sass 2.0.0.

More info: https://sass-lang.com/d/legacy-js-api

-e 
===== 2025-11-09 20:52:33 =====

> smartmind-frontend@0.1.0 dev
> vite --host


  VITE v5.4.21  ready in 145 ms

  ➜  Local:   http://localhost:5173/
  ➜  Network: http://192.168.0.10:5173/
DEPRECATION WARNING [legacy-js-api]: The legacy JS API is deprecated and will be removed in Dart Sass 2.0.0.

More info: https://sass-lang.com/d/legacy-js-api

-e 
===== 2025-11-09 21:04:24 =====

> smartmind-frontend@0.1.0 dev
> vite --host


  VITE v5.4.21  ready in 139 ms

  ➜  Local:   http://localhost:5173/
  ➜  Network: http://192.168.0.10:5173/
DEPRECATION WARNING [legacy-js-api]: The legacy JS API is deprecated and will be removed in Dart Sass 2.0.0.

More info: https://sass-lang.com/d/legacy-js-api

-e 
===== 2025-11-09 21:14:25 =====

> smartmind-frontend@0.1.0 dev
> vite --host


  VITE v5.4.21  ready in 140 ms

  ➜  Local:   http://localhost:5173/
  ➜  Network: http://192.168.0.10:5173/
DEPRECATION WARNING [legacy-js-api]: The legacy JS API is deprecated and will be removed in Dart Sass 2.0.0.

More info: https://sass-lang.com/d/legacy-js-api

-e 
===== 2025-11-09 21:34:27 =====

> smartmind-frontend@0.1.0 dev
> vite --host


  VITE v5.4.21  ready in 150 ms

  ➜  Local:   http://localhost:5173/
  ➜  Network: http://192.168.0.10:5173/
DEPRECATION WARNING [legacy-js-api]: The legacy JS API is deprecated and will be removed in Dart Sass 2.0.0.

More info: https://sass-lang.com/d/legacy-js-api

9:58:45 PM [vite] hmr update /src/components/MindNode.vue
9:59:00 PM [vite] hmr update /src/App.vue
-e 
===== 2025-11-09 21:59:23 =====

> smartmind-frontend@0.1.0 dev
> vite --host


  VITE v5.4.21  ready in 220 ms

  ➜  Local:   http://localhost:5173/
  ➜  Network: http://192.168.0.10:5173/
DEPRECATION WARNING [legacy-js-api]: The legacy JS API is deprecated and will be removed in Dart Sass 2.0.0.

More info: https://sass-lang.com/d/legacy-js-api

-e 
===== 2025-11-10 08:28:36 =====

> smartmind-frontend@0.1.0 dev
> vite --host


  VITE v5.4.21  ready in 143 ms

  ➜  Local:   http://localhost:5173/
  ➜  Network: http://192.168.0.10:5173/
DEPRECATION WARNING [legacy-js-api]: The legacy JS API is deprecated and will be removed in Dart Sass 2.0.0.

More info: https://sass-lang.com/d/legacy-js-api

-e 
===== 2025-11-10 08:29:11 =====

> smartmind-frontend@0.1.0 dev
> vite --host


  VITE v5.4.21  ready in 109 ms

  ➜  Local:   http://localhost:5173/
  ➜  Network: http://192.168.0.10:5173/
DEPRECATION WARNING [legacy-js-api]: The legacy JS API is deprecated and will be removed in Dart Sass 2.0.0.

More info: https://sass-lang.com/d/legacy-js-api

-e 
===== 2025-11-10 08:33:45 =====

> smartmind-frontend@0.1.0 dev
> vite --host


  VITE v5.4.21  ready in 112 ms

  ➜  Local:   http://localhost:5173/
  ➜  Network: http://192.168.0.10:5173/
DEPRECATION WARNING [legacy-js-api]: The legacy JS API is deprecated and will be removed in Dart Sass 2.0.0.

More info: https://sass-lang.com/d/legacy-js-api

